08:23:27 engine.risk            INFO    Registered strategy 'spy_momentum' alloc=$200,000
08:23:27 strategy.spy_momentum  INFO    SPY Momentum starting | market_hours=False
08:23:28 engine.data            INFO    SPY: 390 bars from yfinance
08:23:28 strategy.spy_momentum  INFO    Seeded with 21 bars
08:23:28 main                   INFO    🎮 SIMULATION MODE — replaying yfinance 5-min bars
08:23:28 main                   INFO    Loaded 390 bars
08:23:28 strategy.spy_momentum  INFO    📈 BUY signal | EMA9=682.56 > EMA21=681.65 | close=690.84
08:23:28 asyncio                ERROR   Task exception was never retrieved
future: <Task finished name='Task-2' coro=<IB.qualifyContractsAsync() done, defined at /usr/local/lib/python3.11/dist-packages/ib_insync/ib.py:1796> exception=ConnectionError('Not connected')>
Traceback (most recent call last):
  File "/usr/local/lib/python3.11/dist-packages/ib_insync/ib.py", line 1798, in qualifyContractsAsync
    detailsLists = await asyncio.gather(
                         ^^^^^^^^^^^^^^^
  File "/usr/local/lib/python3.11/dist-packages/ib_insync/ib.py", line 1799, in <genexpr>
    *(self.reqContractDetailsAsync(c) for c in contracts))
      ^^^^^^^^^^^^^^^^^^^^^^^^^^^^^^^
  File "/usr/local/lib/python3.11/dist-packages/ib_insync/ib.py", line 1929, in reqContractDetailsAsync
    reqId = self.client.getReqId()
            ^^^^^^^^^^^^^^^^^^^^^^
  File "/usr/local/lib/python3.11/dist-packages/ib_insync/client.py", line 160, in getReqId
    raise ConnectionError('Not connected')
ConnectionError: Not connected
08:23:51 engine.risk            INFO    Registered strategy 'spy_momentum' alloc=$200,000
08:23:51 strategy.spy_momentum  INFO    SPY Momentum starting | market_hours=False
08:23:52 engine.data            INFO    SPY: 390 bars from yfinance
08:23:52 strategy.spy_momentum  INFO    Seeded with 21 bars
08:23:52 main                   INFO    🎮 SIMULATION MODE — replaying yfinance 5-min bars
08:23:52 main                   INFO    Loaded 390 bars
08:23:52 strategy.spy_momentum  INFO    📈 BUY signal | EMA9=682.56 > EMA21=681.65 | close=690.84
08:24:15 engine.risk            INFO    Registered strategy 'spy_momentum' alloc=$200,000
08:24:15 strategy.spy_momentum  INFO    SPY Momentum starting | market_hours=False
08:24:16 engine.data            INFO    SPY: 390 bars from yfinance
08:24:16 strategy.spy_momentum  INFO    Seeded with 21 bars
08:24:16 main                   INFO    🎮 SIMULATION MODE — replaying yfinance 5-min bars
08:24:16 main                   INFO    Loaded 390 bars
08:24:16 strategy.spy_momentum  INFO    📈 BUY signal | EMA9=682.56 > EMA21=681.65 | close=690.84
08:24:16 engine.orders          INFO    [SIM][spy_momentum] BUY 10 SPY @ 0.00
08:24:16 strategy.spy_momentum  INFO    Stop loss set @ 687.39
08:24:16 strategy.spy_momentum  INFO    [spy_momentum] pos=+10 | realized=$+0.00 | unrealized=$-2.27 | EMA9=689.74 EMA21=687.10
08:24:17 strategy.spy_momentum  INFO    [spy_momentum] pos=+10 | realized=$+0.00 | unrealized=$+4.30 | EMA9=690.70 EMA21=689.29
08:24:18 strategy.spy_momentum  INFO    [spy_momentum] pos=+10 | realized=$+0.00 | unrealized=$+12.00 | EMA9=691.72 EMA21=691.40
08:24:18 strategy.spy_momentum  INFO    [spy_momentum] pos=+10 | realized=$+0.00 | unrealized=$+14.70 | EMA9=692.17 EMA21=691.86
08:24:19 strategy.spy_momentum  INFO    [spy_momentum] pos=+10 | realized=$+0.00 | unrealized=$+14.70 | EMA9=692.34 EMA21=692.24
08:24:19 strategy.spy_momentum  INFO    [spy_momentum] pos=+10 | realized=$+0.00 | unrealized=$+20.30 | EMA9=692.78 EMA21=692.61
08:24:20 strategy.spy_momentum  INFO    [spy_momentum] pos=+10 | realized=$+0.00 | unrealized=$+22.70 | EMA9=693.08 EMA21=692.94
08:24:20 strategy.spy_momentum  INFO    📉 SELL signal | EMA9=692.96 < EMA21=692.97 | close=692.26
08:24:20 engine.orders          INFO    [SIM][spy_momentum] SELL 10 SPY @ 0.00
08:24:20 strategy.spy_momentum  INFO    [spy_momentum] pos=+0 | realized=$+0.00 | unrealized=$+0.00 | EMA9=692.81 EMA21=692.92
08:24:21 strategy.spy_momentum  INFO    [spy_momentum] pos=+0 | realized=$+0.00 | unrealized=$-0.00 | EMA9=688.26 EMA21=690.20
08:24:21 strategy.spy_momentum  INFO    [spy_momentum] pos=+0 | realized=$+0.00 | unrealized=$-0.00 | EMA9=687.94 EMA21=688.63
08:24:22 strategy.spy_momentum  INFO    [spy_momentum] pos=+0 | realized=$+0.00 | unrealized=$-0.00 | EMA9=686.98 EMA21=687.52
08:24:22 strategy.spy_momentum  INFO    [spy_momentum] pos=+0 | realized=$+0.00 | unrealized=$-0.00 | EMA9=685.93 EMA21=686.49
08:24:23 strategy.spy_momentum  INFO    [spy_momentum] pos=+0 | realized=$+0.00 | unrealized=$-0.00 | EMA9=686.68 EMA21=686.38
08:24:23 strategy.spy_momentum  INFO    [spy_momentum] pos=+0 | realized=$+0.00 | unrealized=$-0.00 | EMA9=688.57 EMA21=687.78
08:24:24 strategy.spy_momentum  INFO    [spy_momentum] pos=+0 | realized=$+0.00 | unrealized=$-0.00 | EMA9=688.96 EMA21=688.56
08:24:24 strategy.spy_momentum  INFO    [spy_momentum] pos=+0 | realized=$+0.00 | unrealized=$-0.00 | EMA9=685.79 EMA21=687.30
08:24:25 strategy.spy_momentum  INFO    [spy_momentum] pos=+0 | realized=$+0.00 | unrealized=$-0.00 | EMA9=684.64 EMA21=685.54
08:24:25 strategy.spy_momentum  INFO    [spy_momentum] pos=+0 | realized=$+0.00 | unrealized=$-0.00 | EMA9=685.34 EMA21=685.41
08:24:25 strategy.spy_momentum  INFO    📈 BUY signal | EMA9=685.51 > EMA21=685.51 | close=686.19
08:24:25 engine.orders          INFO    [SIM][spy_momentum] BUY 10 SPY @ 0.00
08:24:25 strategy.spy_momentum  INFO    Stop loss set @ 682.76
08:24:26 strategy.spy_momentum  INFO    📉 SELL signal | EMA9=685.11 < EMA21=685.13 | close=684.24
08:24:26 engine.orders          INFO    [SIM][spy_momentum] SELL 10 SPY @ 0.00
08:24:26 strategy.spy_momentum  INFO    [spy_momentum] pos=+0 | realized=$+0.00 | unrealized=$-0.00 | EMA9=685.11 EMA21=685.13
08:24:26 strategy.spy_momentum  INFO    [spy_momentum] pos=+0 | realized=$+0.00 | unrealized=$-0.00 | EMA9=684.23 EMA21=684.61
08:24:27 strategy.spy_momentum  INFO    [spy_momentum] pos=+0 | realized=$+0.00 | unrealized=$-0.00 | EMA9=683.84 EMA21=684.10
08:24:27 strategy.spy_momentum  INFO    [spy_momentum] pos=+0 | realized=$+0.00 | unrealized=$-0.00 | EMA9=683.60 EMA21=683.74
08:24:27 strategy.spy_momentum  INFO    📈 BUY signal | EMA9=683.93 > EMA21=683.83 | close=685.22
08:24:27 engine.orders          INFO    [SIM][spy_momentum] BUY 10 SPY @ 0.00
08:24:27 strategy.spy_momentum  INFO    Stop loss set @ 681.79
08:24:28 strategy.spy_momentum  INFO    [spy_momentum] pos=+10 | realized=$+0.00 | unrealized=$-5.95 | EMA9=684.85 EMA21=684.39
08:24:28 strategy.spy_momentum  INFO    ⛔ STOP LOSS hit @ 681.20 (stop=681.79)
08:24:28 engine.orders          INFO    [SIM][spy_momentum] SELL 10 SPY @ 0.00
08:24:28 strategy.spy_momentum  INFO    [spy_momentum] pos=+0 | realized=$+0.00 | unrealized=$-0.00 | EMA9=683.19 EMA21=683.68
08:24:28 strategy.spy_momentum  INFO    📈 BUY signal | EMA9=684.00 > EMA21=683.93 | close=684.65
08:24:28 engine.orders          INFO    [SIM][spy_momentum] BUY 10 SPY @ 0.00
08:24:28 strategy.spy_momentum  INFO    Stop loss set @ 681.23
08:24:29 strategy.spy_momentum  INFO    📉 SELL signal | EMA9=683.72 < EMA21=683.81 | close=682.97
08:24:29 engine.orders          INFO    [SIM][spy_momentum] SELL 10 SPY @ 0.00
08:24:29 strategy.spy_momentum  INFO    [spy_momentum] pos=+0 | realized=$+0.00 | unrealized=$-0.00 | EMA9=683.92 EMA21=684.04
08:24:29 strategy.spy_momentum  INFO    📈 BUY signal | EMA9=684.34 > EMA21=684.20 | close=685.50
08:24:29 engine.orders          INFO    [SIM][spy_momentum] BUY 10 SPY @ 0.00
08:24:29 strategy.spy_momentum  INFO    Stop loss set @ 682.07
08:24:29 strategy.spy_momentum  INFO    [spy_momentum] pos=+10 | realized=$+0.00 | unrealized=$-3.60 | EMA9=684.39 EMA21=683.95
08:24:30 strategy.spy_momentum  INFO    [spy_momentum] pos=+10 | realized=$+0.00 | unrealized=$+9.84 | EMA9=686.34 EMA21=685.65
08:24:30 strategy.spy_momentum  INFO    [spy_momentum] pos=+10 | realized=$+0.00 | unrealized=$+10.60 | EMA9=686.82 EMA21=686.48
08:24:31 strategy.spy_momentum  INFO    [spy_momentum] pos=+10 | realized=$+0.00 | unrealized=$+9.40 | EMA9=686.07 EMA21=686.29
08:24:31 strategy.spy_momentum  INFO    [spy_momentum] pos=+10 | realized=$+0.00 | unrealized=$+26.95 | EMA9=687.95 EMA21=687.46
08:24:31 strategy.spy_momentum  INFO    📉 SELL signal | EMA9=687.14 < EMA21=687.18 | close=685.26
08:24:31 engine.orders          INFO    [SIM][spy_momentum] SELL 10 SPY @ 0.00
08:24:32 strategy.spy_momentum  INFO    [spy_momentum] pos=+0 | realized=$+0.00 | unrealized=$+0.00 | EMA9=686.28 EMA21=686.56
08:24:32 strategy.spy_momentum  INFO    [spy_momentum] pos=+0 | realized=$+0.00 | unrealized=$-0.00 | EMA9=675.13 EMA21=679.52
08:24:33 strategy.spy_momentum  INFO    [spy_momentum] pos=+0 | realized=$+0.00 | unrealized=$-0.00 | EMA9=671.66 EMA21=674.24
08:24:33 strategy.spy_momentum  INFO    [spy_momentum] pos=+0 | realized=$+0.00 | unrealized=$-0.00 | EMA9=675.76 EMA21=674.40
08:24:34 strategy.spy_momentum  INFO    [spy_momentum] pos=+0 | realized=$+0.00 | unrealized=$-0.00 | EMA9=677.14 EMA21=676.12
08:24:34 strategy.spy_momentum  INFO    [spy_momentum] pos=+0 | realized=$+0.00 | unrealized=$-0.00 | EMA9=678.74 EMA21=678.03
08:24:35 strategy.spy_momentum  INFO    [spy_momentum] pos=+0 | realized=$+0.00 | unrealized=$-0.00 | EMA9=680.67 EMA21=679.86
08:24:35 strategy.spy_momentum  INFO    [spy_momentum] pos=+0 | realized=$+0.00 | unrealized=$-0.00 | EMA9=681.24 EMA21=680.79
08:24:36 strategy.spy_momentum  INFO    [spy_momentum] pos=+0 | realized=$+0.00 | unrealized=$-0.00 | EMA9=680.49 EMA21=680.76
08:24:36 main                   INFO    Simulation complete
08:24:36 main                   INFO    Final P&L: $+0.00
08:24:36 main                   INFO    Total fills: 10
